<?xml version="1.0" encoding="UTF-8"?>
<!-- Generated by org.testng.reporters.JUnitXMLReporter -->
<testsuite ignored="0" hostname="01-18-akhmadrizal" failures="0" tests="5" name="Command line test" time="8.546" errors="0" timestamp="2023-02-14T11:28:53 WIB">
  <testcase classname="AUTest1" name="faillogin" time="2.152"/>
  <testcase classname="AUTest1" name="klikhome" time="1.877"/>
  <testcase classname="AUTest1" name="kliklogout" time="0.344"/>
  <testcase classname="AUTest1" name="klikprofile" time="1.128"/>
  <testcase classname="AUTest1" name="login" time="0.299"/>
</testsuite> <!-- Command line test -->
