<?xml version="1.0" encoding="UTF-8"?>
<testng-results ignored="0" total="5" passed="5" failed="0" skipped="0">
  <reporter-output>
  </reporter-output>
  <suite started-at="2023-02-14T11:28:44 WIB" name="AUTest1" finished-at="2023-02-14T11:28:53 WIB" duration-ms="8546">
    <groups>
    </groups>
    <test started-at="2023-02-14T11:28:44 WIB" name="Command line test" finished-at="2023-02-14T11:28:53 WIB" duration-ms="8546">
      <class name="AUTest1">
        <test-method is-config="true" signature="setUp()[pri:0, instance:AUTest1@4de5031f]" started-at="2023-02-14T11:28:44 WIB" name="setUp" finished-at="2023-02-14T11:28:46 WIB" duration-ms="2380" status="PASS">
          <reporter-output>
          </reporter-output>
        </test-method> <!-- setUp -->
        <test-method signature="faillogin()[pri:0, instance:AUTest1@4de5031f]" started-at="2023-02-14T11:28:46 WIB" name="faillogin" finished-at="2023-02-14T11:28:49 WIB" duration-ms="2152" status="PASS">
          <reporter-output>
          </reporter-output>
        </test-method> <!-- faillogin -->
        <test-method signature="klikhome()[pri:0, instance:AUTest1@4de5031f]" started-at="2023-02-14T11:28:49 WIB" name="klikhome" finished-at="2023-02-14T11:28:50 WIB" duration-ms="1877" status="PASS">
          <reporter-output>
          </reporter-output>
        </test-method> <!-- klikhome -->
        <test-method signature="kliklogout()[pri:0, instance:AUTest1@4de5031f]" started-at="2023-02-14T11:28:50 WIB" name="kliklogout" finished-at="2023-02-14T11:28:51 WIB" duration-ms="344" status="PASS">
          <reporter-output>
          </reporter-output>
        </test-method> <!-- kliklogout -->
        <test-method signature="klikprofile()[pri:0, instance:AUTest1@4de5031f]" started-at="2023-02-14T11:28:51 WIB" name="klikprofile" finished-at="2023-02-14T11:28:52 WIB" duration-ms="1128" status="PASS">
          <reporter-output>
          </reporter-output>
        </test-method> <!-- klikprofile -->
        <test-method signature="login()[pri:0, instance:AUTest1@4de5031f]" started-at="2023-02-14T11:28:52 WIB" name="login" finished-at="2023-02-14T11:28:52 WIB" duration-ms="299" status="PASS">
          <reporter-output>
          </reporter-output>
        </test-method> <!-- login -->
        <test-method is-config="true" signature="tearDown()[pri:0, instance:AUTest1@4de5031f]" started-at="2023-02-14T11:28:52 WIB" name="tearDown" finished-at="2023-02-14T11:28:53 WIB" duration-ms="333" status="PASS">
          <reporter-output>
          </reporter-output>
        </test-method> <!-- tearDown -->
      </class> <!-- AUTest1 -->
    </test> <!-- Command line test -->
  </suite> <!-- AUTest1 -->
</testng-results>
